2024-11-12 10:42:54 - INFO- Starting SecondApplication using Java 23.0.1 with PID 6296 (C:\Projects\space\target\classes started by HP in C:\Projects\space)
2024-11-12 10:42:54 - DEBUG- Running with Spring Boot v3.3.5, Spring v6.1.14
2024-11-12 10:42:54 - INFO- No active profile set, falling back to 1 default profile: "default"
2024-11-12 10:42:54 - INFO- Devtools property defaults active! Set 'spring.devtools.add-properties' to 'false' to disable
2024-11-12 10:42:54 - INFO- For additional web related logging consider setting the 'logging.level.web' property to 'DEBUG'
2024-11-12 10:42:56 - INFO- Multiple Spring Data modules found, entering strict repository configuration mode
2024-11-12 10:42:56 - INFO- Bootstrapping Spring Data JPA repositories in DEFAULT mode.
2024-11-12 10:42:56 - INFO- Spring Data JPA - Could not safely identify store assignment for repository candidate interface com.springSecond.space.Repository.UserRepository.UserRepository; If you want this repository to be a JPA repository, consider annotating your entities with one of these annotations: jakarta.persistence.Entity, jakarta.persistence.MappedSuperclass (preferred), or consider extending one of the following types with your repository: org.springframework.data.jpa.repository.JpaRepository
2024-11-12 10:42:56 - INFO- Finished Spring Data repository scanning in 43 ms. Found 0 JPA repository interfaces.
2024-11-12 10:42:56 - INFO- Multiple Spring Data modules found, entering strict repository configuration mode
2024-11-12 10:42:56 - INFO- Bootstrapping Spring Data MongoDB repositories in DEFAULT mode.
2024-11-12 10:42:56 - INFO- Finished Spring Data repository scanning in 38 ms. Found 1 MongoDB repository interface.
2024-11-12 10:42:57 - INFO- Tomcat initialized with port 8080 (http)
2024-11-12 10:42:57 - INFO- Initializing ProtocolHandler ["http-nio-8080"]
2024-11-12 10:42:57 - INFO- Starting service [Tomcat]
2024-11-12 10:42:57 - INFO- Starting Servlet engine: [Apache Tomcat/10.1.31]
2024-11-12 10:42:57 - INFO- Initializing Spring embedded WebApplicationContext
2024-11-12 10:42:57 - INFO- Root WebApplicationContext: initialization completed in 2552 ms
2024-11-12 10:42:57 - INFO- HikariPool-1 - Starting...
2024-11-12 10:42:57 - INFO- HikariPool-1 - Added connection conn0: url=jdbc:h2:mem:7399b3b1-103e-447b-82af-74ced1f034af user=SA
2024-11-12 10:42:57 - INFO- HikariPool-1 - Start completed.
2024-11-12 10:42:57 - INFO- H2 console available at '/h2-console'. Database available at 'jdbc:h2:mem:7399b3b1-103e-447b-82af-74ced1f034af'
2024-11-12 10:42:58 - INFO- Adding discovered server ac-yznohnd-shard-00-01.8gah18k.mongodb.net:27017 to client view of cluster
2024-11-12 10:42:58 - INFO- MongoClient with metadata {"driver": {"name": "mongo-java-driver|sync|spring-boot", "version": "5.0.1"}, "os": {"type": "Windows", "name": "Windows 10", "architecture": "amd64", "version": "10.0"}, "platform": "Java/Oracle Corporation/23.0.1+11-39"} created with settings MongoClientSettings{readPreference=primary, writeConcern=WriteConcern{w=null, wTimeout=null ms, journal=null}, retryWrites=true, retryReads=true, readConcern=ReadConcern{level=null}, credential=MongoCredential{mechanism=null, userName='shaileshattri83', source='admin', password=<hidden>, mechanismProperties=<hidden>}, transportSettings=null, commandListeners=[], codecRegistry=ProvidersCodecRegistry{codecProviders=[ValueCodecProvider{}, BsonValueCodecProvider{}, DBRefCodecProvider{}, DBObjectCodecProvider{}, DocumentCodecProvider{}, CollectionCodecProvider{}, IterableCodecProvider{}, MapCodecProvider{}, GeoJsonCodecProvider{}, GridFSFileCodecProvider{}, Jsr310CodecProvider{}, JsonObjectCodecProvider{}, BsonCodecProvider{}, EnumCodecProvider{}, com.mongodb.client.model.mql.ExpressionCodecProvider@713797e0, com.mongodb.Jep395RecordCodecProvider@6a8951ef, com.mongodb.KotlinCodecProvider@24498fcb]}, loggerSettings=LoggerSettings{maxDocumentLength=1000}, clusterSettings={hosts=[127.0.0.1:27017], srvHost=cluster0.8gah18k.mongodb.net, srvServiceName=mongodb, mode=MULTIPLE, requiredClusterType=REPLICA_SET, requiredReplicaSetName='atlas-89rnlo-shard-0', serverSelector='null', clusterListeners='[]', serverSelectionTimeout='30000 ms', localThreshold='15 ms'}, socketSettings=SocketSettings{connectTimeoutMS=10000, readTimeoutMS=0, receiveBufferSize=0, proxySettings=ProxySettings{host=null, port=null, username=null, password=null}}, heartbeatSocketSettings=SocketSettings{connectTimeoutMS=10000, readTimeoutMS=10000, receiveBufferSize=0, proxySettings=ProxySettings{host=null, port=null, username=null, password=null}}, connectionPoolSettings=ConnectionPoolSettings{maxSize=100, minSize=0, maxWaitTimeMS=120000, maxConnectionLifeTimeMS=0, maxConnectionIdleTimeMS=0, maintenanceInitialDelayMS=0, maintenanceFrequencyMS=60000, connectionPoolListeners=[], maxConnecting=2}, serverSettings=ServerSettings{heartbeatFrequencyMS=10000, minHeartbeatFrequencyMS=500, serverListeners='[]', serverMonitorListeners='[]'}, sslSettings=SslSettings{enabled=true, invalidHostNameAllowed=false, context=null}, applicationName='null', compressorList=[], uuidRepresentation=JAVA_LEGACY, serverApi=null, autoEncryptionSettings=null, dnsClient=null, inetAddressResolver=null, contextProvider=null}
2024-11-12 10:42:58 - INFO- Adding discovered server ac-yznohnd-shard-00-00.8gah18k.mongodb.net:27017 to client view of cluster
2024-11-12 10:42:58 - INFO- Adding discovered server ac-yznohnd-shard-00-02.8gah18k.mongodb.net:27017 to client view of cluster
2024-11-12 10:42:59 - INFO- Monitor thread successfully connected to server with description ServerDescription{address=ac-yznohnd-shard-00-00.8gah18k.mongodb.net:27017, type=REPLICA_SET_SECONDARY, state=CONNECTED, ok=true, minWireVersion=0, maxWireVersion=21, maxDocumentSize=16777216, logicalSessionTimeoutMinutes=30, roundTripTimeNanos=472089800, setName='atlas-89rnlo-shard-0', canonicalAddress=ac-yznohnd-shard-00-00.8gah18k.mongodb.net:27017, hosts=[ac-yznohnd-shard-00-00.8gah18k.mongodb.net:27017, ac-yznohnd-shard-00-01.8gah18k.mongodb.net:27017, ac-yznohnd-shard-00-02.8gah18k.mongodb.net:27017], passives=[], arbiters=[], primary='ac-yznohnd-shard-00-01.8gah18k.mongodb.net:27017', tagSet=TagSet{[Tag{name='availabilityZone', value='aps1-az1'}, Tag{name='diskState', value='READY'}, Tag{name='nodeType', value='ELECTABLE'}, Tag{name='provider', value='AWS'}, Tag{name='region', value='AP_SOUTH_1'}, Tag{name='workloadType', value='OPERATIONAL'}]}, electionId=null, setVersion=150, topologyVersion=TopologyVersion{processId=672e52c7ecd8a2a70ea016c1, counter=5}, lastWriteDate=Tue Nov 12 10:43:01 IST 2024, lastUpdateTimeNanos=2997963076600}
2024-11-12 10:42:59 - INFO- Monitor thread successfully connected to server with description ServerDescription{address=ac-yznohnd-shard-00-02.8gah18k.mongodb.net:27017, type=REPLICA_SET_SECONDARY, state=CONNECTED, ok=true, minWireVersion=0, maxWireVersion=21, maxDocumentSize=16777216, logicalSessionTimeoutMinutes=30, roundTripTimeNanos=470792300, setName='atlas-89rnlo-shard-0', canonicalAddress=ac-yznohnd-shard-00-02.8gah18k.mongodb.net:27017, hosts=[ac-yznohnd-shard-00-00.8gah18k.mongodb.net:27017, ac-yznohnd-shard-00-01.8gah18k.mongodb.net:27017, ac-yznohnd-shard-00-02.8gah18k.mongodb.net:27017], passives=[], arbiters=[], primary='ac-yznohnd-shard-00-01.8gah18k.mongodb.net:27017', tagSet=TagSet{[Tag{name='availabilityZone', value='aps1-az2'}, Tag{name='diskState', value='READY'}, Tag{name='nodeType', value='ELECTABLE'}, Tag{name='provider', value='AWS'}, Tag{name='region', value='AP_SOUTH_1'}, Tag{name='workloadType', value='OPERATIONAL'}]}, electionId=null, setVersion=150, topologyVersion=TopologyVersion{processId=672e542ea5b5231496b9418f, counter=5}, lastWriteDate=Tue Nov 12 10:43:01 IST 2024, lastUpdateTimeNanos=2997962869000}
2024-11-12 10:42:59 - INFO- Monitor thread successfully connected to server with description ServerDescription{address=ac-yznohnd-shard-00-01.8gah18k.mongodb.net:27017, type=REPLICA_SET_PRIMARY, state=CONNECTED, ok=true, minWireVersion=0, maxWireVersion=21, maxDocumentSize=16777216, logicalSessionTimeoutMinutes=30, roundTripTimeNanos=465953900, setName='atlas-89rnlo-shard-0', canonicalAddress=ac-yznohnd-shard-00-01.8gah18k.mongodb.net:27017, hosts=[ac-yznohnd-shard-00-00.8gah18k.mongodb.net:27017, ac-yznohnd-shard-00-01.8gah18k.mongodb.net:27017, ac-yznohnd-shard-00-02.8gah18k.mongodb.net:27017], passives=[], arbiters=[], primary='ac-yznohnd-shard-00-01.8gah18k.mongodb.net:27017', tagSet=TagSet{[Tag{name='availabilityZone', value='aps1-az3'}, Tag{name='diskState', value='READY'}, Tag{name='nodeType', value='ELECTABLE'}, Tag{name='provider', value='AWS'}, Tag{name='region', value='AP_SOUTH_1'}, Tag{name='workloadType', value='OPERATIONAL'}]}, electionId=7fffffff000000000000021f, setVersion=150, topologyVersion=TopologyVersion{processId=672e51bd77d8e220b54b16a5, counter=9}, lastWriteDate=Tue Nov 12 10:43:01 IST 2024, lastUpdateTimeNanos=2997962869000}
2024-11-12 10:42:59 - INFO- Discovered replica set primary ac-yznohnd-shard-00-01.8gah18k.mongodb.net:27017 with max election id 7fffffff000000000000021f and max set version 150
2024-11-12 10:42:59 - DEBUG- Filter 'authFilter' configured for use
2024-11-12 10:42:59 - INFO- LiveReload server is running on port 35729
2024-11-12 10:42:59 - INFO- HHH000204: Processing PersistenceUnitInfo [name: default]
2024-11-12 10:42:59 - INFO- HHH000412: Hibernate ORM core version 6.5.3.Final
2024-11-12 10:42:59 - INFO- HHH000026: Second-level cache disabled
2024-11-12 10:42:59 - INFO- No LoadTimeWeaver setup: ignoring JPA class transformer
2024-11-12 10:43:00 - INFO- HHH000489: No JTA platform available (set 'hibernate.transaction.jta.platform' to enable JTA platform integration)
2024-11-12 10:43:00 - INFO- Initialized JPA EntityManagerFactory for persistence unit 'default'
2024-11-12 10:43:00 - WARN- spring.jpa.open-in-view is enabled by default. Therefore, database queries may be performed during view rendering. Explicitly configure spring.jpa.open-in-view to disable this warning
2024-11-12 10:43:00 - INFO- Global AuthenticationManager configured with UserDetailsService bean with name userDetailsService
2024-11-12 10:43:01 - INFO- Starting ProtocolHandler ["http-nio-8080"]
2024-11-12 10:43:01 - INFO- Tomcat started on port 8080 (http) with context path '/'
2024-11-12 10:43:01 - INFO- Started SecondApplication in 7.905 seconds (process running for 8.734)
2024-11-12 10:43:01 - INFO- Scheduled task started to send email to: shailesh.attri@axieva.com
2024-11-12 10:43:05 - INFO- Email sent successfully to shailesh.attri@axieva.com
2024-11-12 10:43:05 - INFO- Scheduled email has been successfully sent to: shailesh.attri@axieva.com
2024-11-12 10:43:05 - INFO- Fetching user list...
2024-11-12 10:43:06 - INFO- Fetched user list: ResponseDTO{status=200 OK, message='User list fetched successfully', result={user=[{imagePublicId=Default Public ID, imageUrl=Default Image URL, id=672f4cff4bcfbc6dddb3a156, email=shailesh@gmail.com, username=shailesh}, {imagePublicId=Default Public ID, imageUrl=Default Image URL, id=672f5057c72a5a4aba0e6898, email=sachin@gmail.com, username=sachin}]}, error='null'}
2024-11-12 10:43:14 - INFO- Closing JPA EntityManagerFactory for persistence unit 'default'
2024-11-12 10:43:14 - WARN- Invocation of destroy method failed on bean with name 'inMemoryDatabaseShutdownExecutor': org.h2.jdbc.JdbcSQLNonTransientConnectionException: Database is already closed (to disable automatic closing at VM shutdown, add ";DB_CLOSE_ON_EXIT=FALSE" to the db URL) [90121-224]
2024-11-12 10:43:15 - INFO- HikariPool-1 - Shutdown initiated...
2024-11-12 10:43:15 - INFO- HikariPool-1 - Shutdown completed.
2024-11-12 10:44:15 - INFO- Starting SecondApplication using Java 23.0.1 with PID 15208 (C:\Projects\space\target\classes started by HP in C:\Projects\space)
2024-11-12 10:44:15 - DEBUG- Running with Spring Boot v3.3.5, Spring v6.1.14
2024-11-12 10:44:15 - INFO- No active profile set, falling back to 1 default profile: "default"
2024-11-12 10:44:15 - INFO- Devtools property defaults active! Set 'spring.devtools.add-properties' to 'false' to disable
2024-11-12 10:44:15 - INFO- For additional web related logging consider setting the 'logging.level.web' property to 'DEBUG'
2024-11-12 10:44:17 - INFO- Multiple Spring Data modules found, entering strict repository configuration mode
2024-11-12 10:44:17 - INFO- Bootstrapping Spring Data JPA repositories in DEFAULT mode.
2024-11-12 10:44:17 - INFO- Spring Data JPA - Could not safely identify store assignment for repository candidate interface com.springSecond.space.Repository.UserRepository.UserRepository; If you want this repository to be a JPA repository, consider annotating your entities with one of these annotations: jakarta.persistence.Entity, jakarta.persistence.MappedSuperclass (preferred), or consider extending one of the following types with your repository: org.springframework.data.jpa.repository.JpaRepository
2024-11-12 10:44:17 - INFO- Finished Spring Data repository scanning in 47 ms. Found 0 JPA repository interfaces.
2024-11-12 10:44:17 - INFO- Multiple Spring Data modules found, entering strict repository configuration mode
2024-11-12 10:44:17 - INFO- Bootstrapping Spring Data MongoDB repositories in DEFAULT mode.
2024-11-12 10:44:17 - INFO- Finished Spring Data repository scanning in 43 ms. Found 1 MongoDB repository interface.
2024-11-12 10:44:18 - INFO- Tomcat initialized with port 8080 (https)
2024-11-12 10:44:18 - INFO- Initializing ProtocolHandler ["https-jsse-nio-8080"]
2024-11-12 10:44:18 - INFO- Starting service [Tomcat]
2024-11-12 10:44:18 - INFO- Starting Servlet engine: [Apache Tomcat/10.1.31]
2024-11-12 10:44:18 - INFO- Initializing Spring embedded WebApplicationContext
2024-11-12 10:44:18 - INFO- Root WebApplicationContext: initialization completed in 2870 ms
2024-11-12 10:44:18 - INFO- HikariPool-1 - Starting...
2024-11-12 10:44:19 - INFO- HikariPool-1 - Added connection conn0: url=jdbc:h2:mem:dd220c23-670c-44e4-8110-5a88a320a554 user=SA
2024-11-12 10:44:19 - INFO- HikariPool-1 - Start completed.
2024-11-12 10:44:19 - INFO- H2 console available at '/h2-console'. Database available at 'jdbc:h2:mem:dd220c23-670c-44e4-8110-5a88a320a554'
2024-11-12 10:44:19 - INFO- Adding discovered server ac-yznohnd-shard-00-01.8gah18k.mongodb.net:27017 to client view of cluster
2024-11-12 10:44:19 - INFO- MongoClient with metadata {"driver": {"name": "mongo-java-driver|sync|spring-boot", "version": "5.0.1"}, "os": {"type": "Windows", "name": "Windows 10", "architecture": "amd64", "version": "10.0"}, "platform": "Java/Oracle Corporation/23.0.1+11-39"} created with settings MongoClientSettings{readPreference=primary, writeConcern=WriteConcern{w=null, wTimeout=null ms, journal=null}, retryWrites=true, retryReads=true, readConcern=ReadConcern{level=null}, credential=MongoCredential{mechanism=null, userName='shaileshattri83', source='admin', password=<hidden>, mechanismProperties=<hidden>}, transportSettings=null, commandListeners=[], codecRegistry=ProvidersCodecRegistry{codecProviders=[ValueCodecProvider{}, BsonValueCodecProvider{}, DBRefCodecProvider{}, DBObjectCodecProvider{}, DocumentCodecProvider{}, CollectionCodecProvider{}, IterableCodecProvider{}, MapCodecProvider{}, GeoJsonCodecProvider{}, GridFSFileCodecProvider{}, Jsr310CodecProvider{}, JsonObjectCodecProvider{}, BsonCodecProvider{}, EnumCodecProvider{}, com.mongodb.client.model.mql.ExpressionCodecProvider@2243fa5e, com.mongodb.Jep395RecordCodecProvider@3a0b359a, com.mongodb.KotlinCodecProvider@59cacb8d]}, loggerSettings=LoggerSettings{maxDocumentLength=1000}, clusterSettings={hosts=[127.0.0.1:27017], srvHost=cluster0.8gah18k.mongodb.net, srvServiceName=mongodb, mode=MULTIPLE, requiredClusterType=REPLICA_SET, requiredReplicaSetName='atlas-89rnlo-shard-0', serverSelector='null', clusterListeners='[]', serverSelectionTimeout='30000 ms', localThreshold='15 ms'}, socketSettings=SocketSettings{connectTimeoutMS=10000, readTimeoutMS=0, receiveBufferSize=0, proxySettings=ProxySettings{host=null, port=null, username=null, password=null}}, heartbeatSocketSettings=SocketSettings{connectTimeoutMS=10000, readTimeoutMS=10000, receiveBufferSize=0, proxySettings=ProxySettings{host=null, port=null, username=null, password=null}}, connectionPoolSettings=ConnectionPoolSettings{maxSize=100, minSize=0, maxWaitTimeMS=120000, maxConnectionLifeTimeMS=0, maxConnectionIdleTimeMS=0, maintenanceInitialDelayMS=0, maintenanceFrequencyMS=60000, connectionPoolListeners=[], maxConnecting=2}, serverSettings=ServerSettings{heartbeatFrequencyMS=10000, minHeartbeatFrequencyMS=500, serverListeners='[]', serverMonitorListeners='[]'}, sslSettings=SslSettings{enabled=true, invalidHostNameAllowed=false, context=null}, applicationName='null', compressorList=[], uuidRepresentation=JAVA_LEGACY, serverApi=null, autoEncryptionSettings=null, dnsClient=null, inetAddressResolver=null, contextProvider=null}
2024-11-12 10:44:19 - INFO- Adding discovered server ac-yznohnd-shard-00-00.8gah18k.mongodb.net:27017 to client view of cluster
2024-11-12 10:44:19 - INFO- Adding discovered server ac-yznohnd-shard-00-02.8gah18k.mongodb.net:27017 to client view of cluster
2024-11-12 10:44:20 - INFO- Monitor thread successfully connected to server with description ServerDescription{address=ac-yznohnd-shard-00-02.8gah18k.mongodb.net:27017, type=REPLICA_SET_SECONDARY, state=CONNECTED, ok=true, minWireVersion=0, maxWireVersion=21, maxDocumentSize=16777216, logicalSessionTimeoutMinutes=30, roundTripTimeNanos=538762600, setName='atlas-89rnlo-shard-0', canonicalAddress=ac-yznohnd-shard-00-02.8gah18k.mongodb.net:27017, hosts=[ac-yznohnd-shard-00-00.8gah18k.mongodb.net:27017, ac-yznohnd-shard-00-01.8gah18k.mongodb.net:27017, ac-yznohnd-shard-00-02.8gah18k.mongodb.net:27017], passives=[], arbiters=[], primary='ac-yznohnd-shard-00-01.8gah18k.mongodb.net:27017', tagSet=TagSet{[Tag{name='availabilityZone', value='aps1-az2'}, Tag{name='diskState', value='READY'}, Tag{name='nodeType', value='ELECTABLE'}, Tag{name='provider', value='AWS'}, Tag{name='region', value='AP_SOUTH_1'}, Tag{name='workloadType', value='OPERATIONAL'}]}, electionId=null, setVersion=150, topologyVersion=TopologyVersion{processId=672e542ea5b5231496b9418f, counter=5}, lastWriteDate=Tue Nov 12 10:44:22 IST 2024, lastUpdateTimeNanos=3079247144100}
2024-11-12 10:44:20 - INFO- Monitor thread successfully connected to server with description ServerDescription{address=ac-yznohnd-shard-00-00.8gah18k.mongodb.net:27017, type=REPLICA_SET_SECONDARY, state=CONNECTED, ok=true, minWireVersion=0, maxWireVersion=21, maxDocumentSize=16777216, logicalSessionTimeoutMinutes=30, roundTripTimeNanos=538400400, setName='atlas-89rnlo-shard-0', canonicalAddress=ac-yznohnd-shard-00-00.8gah18k.mongodb.net:27017, hosts=[ac-yznohnd-shard-00-00.8gah18k.mongodb.net:27017, ac-yznohnd-shard-00-01.8gah18k.mongodb.net:27017, ac-yznohnd-shard-00-02.8gah18k.mongodb.net:27017], passives=[], arbiters=[], primary='ac-yznohnd-shard-00-01.8gah18k.mongodb.net:27017', tagSet=TagSet{[Tag{name='availabilityZone', value='aps1-az1'}, Tag{name='diskState', value='READY'}, Tag{name='nodeType', value='ELECTABLE'}, Tag{name='provider', value='AWS'}, Tag{name='region', value='AP_SOUTH_1'}, Tag{name='workloadType', value='OPERATIONAL'}]}, electionId=null, setVersion=150, topologyVersion=TopologyVersion{processId=672e52c7ecd8a2a70ea016c1, counter=5}, lastWriteDate=Tue Nov 12 10:44:22 IST 2024, lastUpdateTimeNanos=3079247135900}
2024-11-12 10:44:20 - INFO- Monitor thread successfully connected to server with description ServerDescription{address=ac-yznohnd-shard-00-01.8gah18k.mongodb.net:27017, type=REPLICA_SET_PRIMARY, state=CONNECTED, ok=true, minWireVersion=0, maxWireVersion=21, maxDocumentSize=16777216, logicalSessionTimeoutMinutes=30, roundTripTimeNanos=538693800, setName='atlas-89rnlo-shard-0', canonicalAddress=ac-yznohnd-shard-00-01.8gah18k.mongodb.net:27017, hosts=[ac-yznohnd-shard-00-00.8gah18k.mongodb.net:27017, ac-yznohnd-shard-00-01.8gah18k.mongodb.net:27017, ac-yznohnd-shard-00-02.8gah18k.mongodb.net:27017], passives=[], arbiters=[], primary='ac-yznohnd-shard-00-01.8gah18k.mongodb.net:27017', tagSet=TagSet{[Tag{name='availabilityZone', value='aps1-az3'}, Tag{name='diskState', value='READY'}, Tag{name='nodeType', value='ELECTABLE'}, Tag{name='provider', value='AWS'}, Tag{name='region', value='AP_SOUTH_1'}, Tag{name='workloadType', value='OPERATIONAL'}]}, electionId=7fffffff000000000000021f, setVersion=150, topologyVersion=TopologyVersion{processId=672e51bd77d8e220b54b16a5, counter=9}, lastWriteDate=Tue Nov 12 10:44:22 IST 2024, lastUpdateTimeNanos=3079247144200}
2024-11-12 10:44:20 - INFO- Discovered replica set primary ac-yznohnd-shard-00-01.8gah18k.mongodb.net:27017 with max election id 7fffffff000000000000021f and max set version 150
2024-11-12 10:44:20 - DEBUG- Filter 'authFilter' configured for use
2024-11-12 10:44:20 - INFO- LiveReload server is running on port 35729
2024-11-12 10:44:20 - INFO- HHH000204: Processing PersistenceUnitInfo [name: default]
2024-11-12 10:44:20 - INFO- HHH000412: Hibernate ORM core version 6.5.3.Final
2024-11-12 10:44:20 - INFO- HHH000026: Second-level cache disabled
2024-11-12 10:44:21 - INFO- No LoadTimeWeaver setup: ignoring JPA class transformer
2024-11-12 10:44:21 - INFO- HHH000489: No JTA platform available (set 'hibernate.transaction.jta.platform' to enable JTA platform integration)
2024-11-12 10:44:21 - INFO- Initialized JPA EntityManagerFactory for persistence unit 'default'
2024-11-12 10:44:21 - INFO- Application started successfully and running on port: 8080
2024-11-12 10:44:21 - INFO- Starting UDP server...
2024-11-12 10:44:21 - INFO- UDP server thread has been started.
2024-11-12 10:44:21 - INFO- UDP server initialization triggered.
2024-11-12 10:44:21 - INFO- Initializing UDP server on port 8080
2024-11-12 10:44:21 - INFO- UDP server started successfully on port 8080 and is now listening for messages...
2024-11-12 10:44:22 - WARN- spring.jpa.open-in-view is enabled by default. Therefore, database queries may be performed during view rendering. Explicitly configure spring.jpa.open-in-view to disable this warning
2024-11-12 10:44:22 - INFO- Global AuthenticationManager configured with UserDetailsService bean with name userDetailsService
2024-11-12 10:44:23 - INFO- Starting ProtocolHandler ["https-jsse-nio-8080"]
2024-11-12 10:44:23 - INFO- Connector [https-jsse-nio-8080], TLS virtual host [_default_], certificate type [UNDEFINED] configured from keystore [C:\Users\HP\.keystore] using alias [my-ssl-certificate] with trust store [null]
2024-11-12 10:44:23 - INFO- Tomcat started on port 8080 (https) with context path '/'
2024-11-12 10:44:23 - INFO- Started SecondApplication in 8.174 seconds (process running for 9.0)
2024-11-12 10:44:23 - INFO- Scheduled task started to send email to: shailesh.attri@axieva.com
2024-11-12 10:44:27 - INFO- Email sent successfully to shailesh.attri@axieva.com
2024-11-12 10:44:27 - INFO- Scheduled email has been successfully sent to: shailesh.attri@axieva.com
2024-11-12 10:44:27 - INFO- Fetching user list...
2024-11-12 10:44:27 - INFO- Fetched user list: ResponseDTO{status=200 OK, message='User list fetched successfully', result={user=[{imagePublicId=Default Public ID, imageUrl=Default Image URL, id=672f4cff4bcfbc6dddb3a156, email=shailesh@gmail.com, username=shailesh}, {imagePublicId=Default Public ID, imageUrl=Default Image URL, id=672f5057c72a5a4aba0e6898, email=sachin@gmail.com, username=sachin}]}, error='null'}
2024-11-12 10:44:38 - INFO- Fetching user list...
2024-11-12 10:44:38 - INFO- Fetched user list: ResponseDTO{status=200 OK, message='User list fetched successfully', result={user=[{imagePublicId=Default Public ID, imageUrl=Default Image URL, id=672f4cff4bcfbc6dddb3a156, email=shailesh@gmail.com, username=shailesh}, {imagePublicId=Default Public ID, imageUrl=Default Image URL, id=672f5057c72a5a4aba0e6898, email=sachin@gmail.com, username=sachin}]}, error='null'}
2024-11-12 10:44:53 - INFO- Fetching user list...
2024-11-12 10:44:53 - INFO- Fetched user list: ResponseDTO{status=200 OK, message='User list fetched successfully', result={user=[{imagePublicId=Default Public ID, imageUrl=Default Image URL, id=672f4cff4bcfbc6dddb3a156, email=shailesh@gmail.com, username=shailesh}, {imagePublicId=Default Public ID, imageUrl=Default Image URL, id=672f5057c72a5a4aba0e6898, email=sachin@gmail.com, username=sachin}]}, error='null'}
2024-11-12 10:45:08 - INFO- Fetching user list...
2024-11-12 10:45:08 - INFO- Fetched user list: ResponseDTO{status=200 OK, message='User list fetched successfully', result={user=[{imagePublicId=Default Public ID, imageUrl=Default Image URL, id=672f4cff4bcfbc6dddb3a156, email=shailesh@gmail.com, username=shailesh}, {imagePublicId=Default Public ID, imageUrl=Default Image URL, id=672f5057c72a5a4aba0e6898, email=sachin@gmail.com, username=sachin}]}, error='null'}
2024-11-12 10:45:23 - INFO- Fetching user list...
2024-11-12 10:45:23 - INFO- Fetched user list: ResponseDTO{status=200 OK, message='User list fetched successfully', result={user=[{imagePublicId=Default Public ID, imageUrl=Default Image URL, id=672f4cff4bcfbc6dddb3a156, email=shailesh@gmail.com, username=shailesh}, {imagePublicId=Default Public ID, imageUrl=Default Image URL, id=672f5057c72a5a4aba0e6898, email=sachin@gmail.com, username=sachin}]}, error='null'}
2024-11-12 10:45:38 - INFO- Fetching user list...
2024-11-12 10:45:38 - INFO- Fetched user list: ResponseDTO{status=200 OK, message='User list fetched successfully', result={user=[{imagePublicId=Default Public ID, imageUrl=Default Image URL, id=672f4cff4bcfbc6dddb3a156, email=shailesh@gmail.com, username=shailesh}, {imagePublicId=Default Public ID, imageUrl=Default Image URL, id=672f5057c72a5a4aba0e6898, email=sachin@gmail.com, username=sachin}]}, error='null'}
2024-11-12 10:45:53 - INFO- Fetching user list...
2024-11-12 10:45:53 - INFO- Fetched user list: ResponseDTO{status=200 OK, message='User list fetched successfully', result={user=[{imagePublicId=Default Public ID, imageUrl=Default Image URL, id=672f4cff4bcfbc6dddb3a156, email=shailesh@gmail.com, username=shailesh}, {imagePublicId=Default Public ID, imageUrl=Default Image URL, id=672f5057c72a5a4aba0e6898, email=sachin@gmail.com, username=sachin}]}, error='null'}
2024-11-12 10:46:08 - INFO- Fetching user list...
2024-11-12 10:46:08 - INFO- Fetched user list: ResponseDTO{status=200 OK, message='User list fetched successfully', result={user=[{imagePublicId=Default Public ID, imageUrl=Default Image URL, id=672f4cff4bcfbc6dddb3a156, email=shailesh@gmail.com, username=shailesh}, {imagePublicId=Default Public ID, imageUrl=Default Image URL, id=672f5057c72a5a4aba0e6898, email=sachin@gmail.com, username=sachin}]}, error='null'}
